<?xml version="1.0" encoding="UTF-8"?>
<testsuite name="com.seth.sample.SampleApplicationTests" tests="1" skipped="0" failures="0" errors="0" timestamp="2023-11-17T15:57:09" hostname="88665a030f2a.ant.amazon.com" time="0.754">
  <properties/>
  <testcase name="contextLoads()" classname="com.seth.sample.SampleApplicationTests" time="0.754"/>
  <system-out><![CDATA[10:57:07.925 [Test worker] INFO org.springframework.test.context.support.AnnotationConfigContextLoaderUtils -- Could not detect default configuration classes for test class [com.seth.sample.SampleApplicationTests]: SampleApplicationTests does not declare any static, non-private, non-final, nested classes annotated with @Configuration.
10:57:08.022 [Test worker] INFO org.springframework.boot.test.context.SpringBootTestContextBootstrapper -- Found @SpringBootConfiguration com.seth.sample.SampleApplication for test class com.seth.sample.SampleApplicationTests

  .   ____          _            __ _ _
 /\\ / ___'_ __ _ _(_)_ __  __ _ \ \ \ \
( ( )\___ | '_ | '_| | '_ \/ _` | \ \ \ \
 \\/  ___)| |_)| | | | | || (_| |  ) ) ) )
  '  |____| .__|_| |_|_| |_\__, | / / / /
 =========|_|==============|___/=/_/_/_/
 :: Spring Boot ::                (v3.1.5)

2023-11-17T10:57:08.324-05:00  INFO 43227 --- [    Test worker] com.seth.sample.SampleApplicationTests   : Starting SampleApplicationTests using Java 17.0.9 with PID 43227 (started by sethlevi in /Volumes/workplace/github/AwsOtelRepos/sample-app-otel-sdk)
2023-11-17T10:57:08.325-05:00  INFO 43227 --- [    Test worker] com.seth.sample.SampleApplicationTests   : No active profile set, falling back to 1 default profile: "default"
2023-11-17T10:57:09.005-05:00  INFO 43227 --- [    Test worker] trationDelegate$BeanPostProcessorChecker : Bean 'springWebInstrumentationAutoConfiguration' of type [io.opentelemetry.instrumentation.spring.autoconfigure.instrumentation.web.SpringWebInstrumentationAutoConfiguration$$SpringCGLIB$$0] is not eligible for getting processed by all BeanPostProcessors (for example: not eligible for auto-proxying)
2023-11-17T10:57:09.094-05:00  INFO 43227 --- [    Test worker] trationDelegate$BeanPostProcessorChecker : Bean 'openTelemetryAutoConfiguration.OpenTelemetrySdkConfig' of type [io.opentelemetry.instrumentation.spring.autoconfigure.OpenTelemetryAutoConfiguration$OpenTelemetrySdkConfig$$SpringCGLIB$$0] is not eligible for getting processed by all BeanPostProcessors (for example: not eligible for auto-proxying)
2023-11-17T10:57:09.111-05:00  INFO 43227 --- [    Test worker] trationDelegate$BeanPostProcessorChecker : Bean 'otel.traces.sampler-io.opentelemetry.instrumentation.spring.autoconfigure.SamplerProperties' of type [io.opentelemetry.instrumentation.spring.autoconfigure.SamplerProperties] is not eligible for getting processed by all BeanPostProcessors (for example: not eligible for auto-proxying)
2023-11-17T10:57:09.118-05:00  INFO 43227 --- [    Test worker] trationDelegate$BeanPostProcessorChecker : Bean 'otelResourceAutoConfiguration' of type [io.opentelemetry.instrumentation.spring.autoconfigure.resources.OtelResourceAutoConfiguration$$SpringCGLIB$$0] is not eligible for getting processed by all BeanPostProcessors (for example: not eligible for auto-proxying)
2023-11-17T10:57:09.120-05:00  INFO 43227 --- [    Test worker] trationDelegate$BeanPostProcessorChecker : Bean 'otel.springboot.resource-io.opentelemetry.instrumentation.spring.autoconfigure.resources.OtelResourceProperties' of type [io.opentelemetry.instrumentation.spring.autoconfigure.resources.OtelResourceProperties] is not eligible for getting processed by all BeanPostProcessors (for example: not eligible for auto-proxying)
2023-11-17T10:57:09.121-05:00  INFO 43227 --- [    Test worker] trationDelegate$BeanPostProcessorChecker : Bean 'otelResourceProvider' of type [io.opentelemetry.instrumentation.spring.autoconfigure.resources.SpringResourceProvider] is not eligible for getting processed by all BeanPostProcessors (for example: not eligible for auto-proxying)
2023-11-17T10:57:09.124-05:00  INFO 43227 --- [    Test worker] trationDelegate$BeanPostProcessorChecker : Bean 'otelResource' of type [io.opentelemetry.sdk.resources.AutoValue_Resource] is not eligible for getting processed by all BeanPostProcessors (for example: not eligible for auto-proxying)
2023-11-17T10:57:09.130-05:00  INFO 43227 --- [    Test worker] trationDelegate$BeanPostProcessorChecker : Bean 'otlpSpanExporterAutoConfiguration' of type [io.opentelemetry.instrumentation.spring.autoconfigure.exporters.otlp.OtlpSpanExporterAutoConfiguration$$SpringCGLIB$$0] is not eligible for getting processed by all BeanPostProcessors (for example: not eligible for auto-proxying)
2023-11-17T10:57:09.139-05:00  INFO 43227 --- [    Test worker] trationDelegate$BeanPostProcessorChecker : Bean 'otel.exporter.otlp-io.opentelemetry.instrumentation.spring.autoconfigure.exporters.otlp.OtlpExporterProperties' of type [io.opentelemetry.instrumentation.spring.autoconfigure.exporters.otlp.OtlpExporterProperties] is not eligible for getting processed by all BeanPostProcessors (for example: not eligible for auto-proxying)
2023-11-17T10:57:09.309-05:00  INFO 43227 --- [    Test worker] trationDelegate$BeanPostProcessorChecker : Bean 'otelOtlpGrpcSpanExporter' of type [io.opentelemetry.exporter.otlp.trace.OtlpGrpcSpanExporter] is not eligible for getting processed by all BeanPostProcessors (for example: not eligible for auto-proxying)
2023-11-17T10:57:09.329-05:00  INFO 43227 --- [    Test worker] trationDelegate$BeanPostProcessorChecker : Bean 'sdkTracerProvider' of type [io.opentelemetry.sdk.trace.SdkTracerProvider] is not eligible for getting processed by all BeanPostProcessors (for example: not eligible for auto-proxying)
2023-11-17T10:57:09.337-05:00  INFO 43227 --- [    Test worker] trationDelegate$BeanPostProcessorChecker : Bean 'otel.metric.export-io.opentelemetry.instrumentation.spring.autoconfigure.MetricExportProperties' of type [io.opentelemetry.instrumentation.spring.autoconfigure.MetricExportProperties] is not eligible for getting processed by all BeanPostProcessors (for example: not eligible for auto-proxying)
2023-11-17T10:57:09.340-05:00  INFO 43227 --- [    Test worker] trationDelegate$BeanPostProcessorChecker : Bean 'otlpMetricExporterAutoConfiguration' of type [io.opentelemetry.instrumentation.spring.autoconfigure.exporters.otlp.OtlpMetricExporterAutoConfiguration$$SpringCGLIB$$0] is not eligible for getting processed by all BeanPostProcessors (for example: not eligible for auto-proxying)
2023-11-17T10:57:09.348-05:00  INFO 43227 --- [    Test worker] trationDelegate$BeanPostProcessorChecker : Bean 'otelOtlpGrpcMetricExporter' of type [io.opentelemetry.exporter.otlp.metrics.OtlpGrpcMetricExporter] is not eligible for getting processed by all BeanPostProcessors (for example: not eligible for auto-proxying)
2023-11-17T10:57:09.362-05:00  INFO 43227 --- [    Test worker] trationDelegate$BeanPostProcessorChecker : Bean 'sdkMeterProvider' of type [io.opentelemetry.sdk.metrics.SdkMeterProvider] is not eligible for getting processed by all BeanPostProcessors (for example: not eligible for auto-proxying)
2023-11-17T10:57:09.369-05:00  INFO 43227 --- [    Test worker] trationDelegate$BeanPostProcessorChecker : Bean 'io.opentelemetry.instrumentation.spring.autoconfigure.exporters.otlp.OtlpLoggerExporterAutoConfiguration' of type [io.opentelemetry.instrumentation.spring.autoconfigure.exporters.otlp.OtlpLoggerExporterAutoConfiguration] is not eligible for getting processed by all BeanPostProcessors (for example: not eligible for auto-proxying)
2023-11-17T10:57:09.373-05:00  INFO 43227 --- [    Test worker] trationDelegate$BeanPostProcessorChecker : Bean 'otelOtlpGrpcLogRecordExporter' of type [io.opentelemetry.exporter.otlp.logs.OtlpGrpcLogRecordExporter] is not eligible for getting processed by all BeanPostProcessors (for example: not eligible for auto-proxying)
2023-11-17T10:57:09.378-05:00  INFO 43227 --- [    Test worker] trationDelegate$BeanPostProcessorChecker : Bean 'sdkLoggerProvider' of type [io.opentelemetry.sdk.logs.SdkLoggerProvider] is not eligible for getting processed by all BeanPostProcessors (for example: not eligible for auto-proxying)
2023-11-17T10:57:09.380-05:00  INFO 43227 --- [    Test worker] trationDelegate$BeanPostProcessorChecker : Bean 'propagationAutoConfiguration' of type [io.opentelemetry.instrumentation.spring.autoconfigure.propagators.PropagationAutoConfiguration$$SpringCGLIB$$0] is not eligible for getting processed by all BeanPostProcessors (for example: not eligible for auto-proxying)
2023-11-17T10:57:09.382-05:00  INFO 43227 --- [    Test worker] trationDelegate$BeanPostProcessorChecker : Bean 'propagationAutoConfiguration.PropagatorsConfiguration' of type [io.opentelemetry.instrumentation.spring.autoconfigure.propagators.PropagationAutoConfiguration$PropagatorsConfiguration$$SpringCGLIB$$0] is not eligible for getting processed by all BeanPostProcessors (for example: not eligible for auto-proxying)
2023-11-17T10:57:09.386-05:00  INFO 43227 --- [    Test worker] trationDelegate$BeanPostProcessorChecker : Bean 'otel.propagation-io.opentelemetry.instrumentation.spring.autoconfigure.propagators.PropagationProperties' of type [io.opentelemetry.instrumentation.spring.autoconfigure.propagators.PropagationProperties] is not eligible for getting processed by all BeanPostProcessors (for example: not eligible for auto-proxying)
2023-11-17T10:57:09.391-05:00  INFO 43227 --- [    Test worker] trationDelegate$BeanPostProcessorChecker : Bean 'compositeTextMapPropagator' of type [io.opentelemetry.context.propagation.MultiTextMapPropagator] is not eligible for getting processed by all BeanPostProcessors (for example: not eligible for auto-proxying)
2023-11-17T10:57:09.393-05:00  INFO 43227 --- [    Test worker] trationDelegate$BeanPostProcessorChecker : Bean 'contextPropagators' of type [io.opentelemetry.context.propagation.DefaultContextPropagators] is not eligible for getting processed by all BeanPostProcessors (for example: not eligible for auto-proxying)
2023-11-17T10:57:09.395-05:00  INFO 43227 --- [    Test worker] trationDelegate$BeanPostProcessorChecker : Bean 'openTelemetry' of type [io.opentelemetry.sdk.OpenTelemetrySdk] is not eligible for getting processed by all BeanPostProcessors (for example: not eligible for auto-proxying)
2023-11-17T10:57:09.822-05:00  INFO 43227 --- [    Test worker] com.seth.sample.SampleApplicationTests   : Started SampleApplicationTests in 1.683 seconds (process running for 2.629)
]]></system-out>
  <system-err><![CDATA[]]></system-err>
</testsuite>
