<?xml version="1.0" encoding="UTF-8"?>
<testsuite name="com.seth.sample.SampleApplicationTests" tests="1" skipped="0" failures="0" errors="0" timestamp="2023-12-19T19:39:59" hostname="88665a030f2a.ant.amazon.com" time="0.824">
  <properties/>
  <testcase name="contextLoads()" classname="com.seth.sample.SampleApplicationTests" time="0.824"/>
  <system-out><![CDATA[
  .   ____          _            __ _ _
 /\\ / ___'_ __ _ _(_)_ __  __ _ \ \ \ \
( ( )\___ | '_ | '_| | '_ \/ _` | \ \ \ \
 \\/  ___)| |_)| | | | | || (_| |  ) ) ) )
  '  |____| .__|_| |_|_| |_\__, | / / / /
 =========|_|==============|___/=/_/_/_/
 :: Spring Boot ::                (v3.1.5)

]]></system-out>
  <system-err><![CDATA[[Test worker] INFO org.springframework.test.context.support.AnnotationConfigContextLoaderUtils - Could not detect default configuration classes for test class [com.seth.sample.SampleApplicationTests]: SampleApplicationTests does not declare any static, non-private, non-final, nested classes annotated with @Configuration.
[Test worker] INFO org.springframework.boot.test.context.SpringBootTestContextBootstrapper - Found @SpringBootConfiguration com.seth.sample.SampleApplication for test class com.seth.sample.SampleApplicationTests
[Test worker] INFO com.seth.sample.SampleApplicationTests - Starting SampleApplicationTests using Java 17.0.9 with PID 21296 (started by sethlevi in /Volumes/workplace/github/AwsOtelRepos/sample-app-otel-sdk)
[Test worker] INFO com.seth.sample.SampleApplicationTests - No active profile set, falling back to 1 default profile: "default"
[Test worker] INFO org.springframework.context.support.PostProcessorRegistrationDelegate$BeanPostProcessorChecker - Bean 'springWebInstrumentationAutoConfiguration' of type [io.opentelemetry.instrumentation.spring.autoconfigure.instrumentation.web.SpringWebInstrumentationAutoConfiguration$$SpringCGLIB$$0] is not eligible for getting processed by all BeanPostProcessors (for example: not eligible for auto-proxying)
[Test worker] INFO org.springframework.context.support.PostProcessorRegistrationDelegate$BeanPostProcessorChecker - Bean 'openTelemetryAutoConfiguration.OpenTelemetrySdkConfig' of type [io.opentelemetry.instrumentation.spring.autoconfigure.OpenTelemetryAutoConfiguration$OpenTelemetrySdkConfig$$SpringCGLIB$$0] is not eligible for getting processed by all BeanPostProcessors (for example: not eligible for auto-proxying)
[Test worker] INFO org.springframework.context.support.PostProcessorRegistrationDelegate$BeanPostProcessorChecker - Bean 'otel.traces.sampler-io.opentelemetry.instrumentation.spring.autoconfigure.SamplerProperties' of type [io.opentelemetry.instrumentation.spring.autoconfigure.SamplerProperties] is not eligible for getting processed by all BeanPostProcessors (for example: not eligible for auto-proxying)
[Test worker] INFO org.springframework.context.support.PostProcessorRegistrationDelegate$BeanPostProcessorChecker - Bean 'otelResourceAutoConfiguration' of type [io.opentelemetry.instrumentation.spring.autoconfigure.resources.OtelResourceAutoConfiguration$$SpringCGLIB$$0] is not eligible for getting processed by all BeanPostProcessors (for example: not eligible for auto-proxying)
[Test worker] INFO org.springframework.context.support.PostProcessorRegistrationDelegate$BeanPostProcessorChecker - Bean 'otel.springboot.resource-io.opentelemetry.instrumentation.spring.autoconfigure.resources.OtelResourceProperties' of type [io.opentelemetry.instrumentation.spring.autoconfigure.resources.OtelResourceProperties] is not eligible for getting processed by all BeanPostProcessors (for example: not eligible for auto-proxying)
[Test worker] INFO org.springframework.context.support.PostProcessorRegistrationDelegate$BeanPostProcessorChecker - Bean 'otelResourceProvider' of type [io.opentelemetry.instrumentation.spring.autoconfigure.resources.SpringResourceProvider] is not eligible for getting processed by all BeanPostProcessors (for example: not eligible for auto-proxying)
[Test worker] INFO org.springframework.context.support.PostProcessorRegistrationDelegate$BeanPostProcessorChecker - Bean 'otelResource' of type [io.opentelemetry.sdk.resources.AutoValue_Resource] is not eligible for getting processed by all BeanPostProcessors (for example: not eligible for auto-proxying)
[Test worker] INFO org.springframework.context.support.PostProcessorRegistrationDelegate$BeanPostProcessorChecker - Bean 'sdkTracerProvider' of type [io.opentelemetry.sdk.trace.SdkTracerProvider] is not eligible for getting processed by all BeanPostProcessors (for example: not eligible for auto-proxying)
[Test worker] INFO org.springframework.context.support.PostProcessorRegistrationDelegate$BeanPostProcessorChecker - Bean 'otel.metric.export-io.opentelemetry.instrumentation.spring.autoconfigure.MetricExportProperties' of type [io.opentelemetry.instrumentation.spring.autoconfigure.MetricExportProperties] is not eligible for getting processed by all BeanPostProcessors (for example: not eligible for auto-proxying)
[Test worker] INFO org.springframework.context.support.PostProcessorRegistrationDelegate$BeanPostProcessorChecker - Bean 'otlpMetricExporterAutoConfiguration' of type [io.opentelemetry.instrumentation.spring.autoconfigure.exporters.otlp.OtlpMetricExporterAutoConfiguration$$SpringCGLIB$$0] is not eligible for getting processed by all BeanPostProcessors (for example: not eligible for auto-proxying)
[Test worker] INFO org.springframework.context.support.PostProcessorRegistrationDelegate$BeanPostProcessorChecker - Bean 'otel.exporter.otlp-io.opentelemetry.instrumentation.spring.autoconfigure.exporters.otlp.OtlpExporterProperties' of type [io.opentelemetry.instrumentation.spring.autoconfigure.exporters.otlp.OtlpExporterProperties] is not eligible for getting processed by all BeanPostProcessors (for example: not eligible for auto-proxying)
[Test worker] INFO org.springframework.context.support.PostProcessorRegistrationDelegate$BeanPostProcessorChecker - Bean 'otelOtlpGrpcMetricExporter' of type [io.opentelemetry.exporter.otlp.metrics.OtlpGrpcMetricExporter] is not eligible for getting processed by all BeanPostProcessors (for example: not eligible for auto-proxying)
[Test worker] INFO org.springframework.context.support.PostProcessorRegistrationDelegate$BeanPostProcessorChecker - Bean 'sdkMeterProvider' of type [io.opentelemetry.sdk.metrics.SdkMeterProvider] is not eligible for getting processed by all BeanPostProcessors (for example: not eligible for auto-proxying)
[Test worker] INFO org.springframework.context.support.PostProcessorRegistrationDelegate$BeanPostProcessorChecker - Bean 'io.opentelemetry.instrumentation.spring.autoconfigure.exporters.otlp.OtlpLoggerExporterAutoConfiguration' of type [io.opentelemetry.instrumentation.spring.autoconfigure.exporters.otlp.OtlpLoggerExporterAutoConfiguration] is not eligible for getting processed by all BeanPostProcessors (for example: not eligible for auto-proxying)
[Test worker] INFO org.springframework.context.support.PostProcessorRegistrationDelegate$BeanPostProcessorChecker - Bean 'otelOtlpGrpcLogRecordExporter' of type [io.opentelemetry.exporter.otlp.logs.OtlpGrpcLogRecordExporter] is not eligible for getting processed by all BeanPostProcessors (for example: not eligible for auto-proxying)
[Test worker] INFO org.springframework.context.support.PostProcessorRegistrationDelegate$BeanPostProcessorChecker - Bean 'sdkLoggerProvider' of type [io.opentelemetry.sdk.logs.SdkLoggerProvider] is not eligible for getting processed by all BeanPostProcessors (for example: not eligible for auto-proxying)
[Test worker] INFO org.springframework.context.support.PostProcessorRegistrationDelegate$BeanPostProcessorChecker - Bean 'propagationAutoConfiguration' of type [io.opentelemetry.instrumentation.spring.autoconfigure.propagators.PropagationAutoConfiguration$$SpringCGLIB$$0] is not eligible for getting processed by all BeanPostProcessors (for example: not eligible for auto-proxying)
[Test worker] INFO org.springframework.context.support.PostProcessorRegistrationDelegate$BeanPostProcessorChecker - Bean 'propagationAutoConfiguration.PropagatorsConfiguration' of type [io.opentelemetry.instrumentation.spring.autoconfigure.propagators.PropagationAutoConfiguration$PropagatorsConfiguration$$SpringCGLIB$$0] is not eligible for getting processed by all BeanPostProcessors (for example: not eligible for auto-proxying)
[Test worker] INFO org.springframework.context.support.PostProcessorRegistrationDelegate$BeanPostProcessorChecker - Bean 'otel.propagation-io.opentelemetry.instrumentation.spring.autoconfigure.propagators.PropagationProperties' of type [io.opentelemetry.instrumentation.spring.autoconfigure.propagators.PropagationProperties] is not eligible for getting processed by all BeanPostProcessors (for example: not eligible for auto-proxying)
[Test worker] INFO org.springframework.context.support.PostProcessorRegistrationDelegate$BeanPostProcessorChecker - Bean 'compositeTextMapPropagator' of type [io.opentelemetry.context.propagation.MultiTextMapPropagator] is not eligible for getting processed by all BeanPostProcessors (for example: not eligible for auto-proxying)
[Test worker] INFO org.springframework.context.support.PostProcessorRegistrationDelegate$BeanPostProcessorChecker - Bean 'contextPropagators' of type [io.opentelemetry.context.propagation.DefaultContextPropagators] is not eligible for getting processed by all BeanPostProcessors (for example: not eligible for auto-proxying)
[Test worker] INFO org.springframework.context.support.PostProcessorRegistrationDelegate$BeanPostProcessorChecker - Bean 'openTelemetry' of type [io.opentelemetry.sdk.OpenTelemetrySdk] is not eligible for getting processed by all BeanPostProcessors (for example: not eligible for auto-proxying)
[Test worker] INFO org.springframework.boot.actuate.endpoint.web.EndpointLinksResolver - Exposing 1 endpoint(s) beneath base path '/actuator'
[Test worker] INFO com.seth.sample.SampleApplicationTests - Started SampleApplicationTests in 2.05 seconds (process running for 3.133)
]]></system-err>
</testsuite>
